<?xml version="1.0" encoding="UTF-8"?>
<testsuite name="DiffTest" tests="2" skipped="0" failures="0" errors="0" timestamp="2023-03-16T06:24:27" hostname="DESKTOP-AE5MQUD" time="1.871">
  <properties/>
  <testcase name="testRightComparisonJSON()" classname="DiffTest" time="1.697"/>
  <testcase name="testRightComparisonYAML()" classname="DiffTest" time="0.171"/>
  <system-out><![CDATA[]]></system-out>
  <system-err><![CDATA[]]></system-err>
</testsuite>
