<?xml version="1.0" encoding="UTF-8"?>
<testsuite name="DiffTest" tests="5" skipped="0" failures="0" errors="0" timestamp="2023-03-19T11:44:13" hostname="DESKTOP-AE5MQUD" time="1.764">
  <properties/>
  <testcase name="testRightComparisonFormatJSON()" classname="DiffTest" time="1.426"/>
  <testcase name="testRightComparisonPlainJSON()" classname="DiffTest" time="0.28"/>
  <testcase name="testRightComparisonPlainYAML()" classname="DiffTest" time="0.02"/>
  <testcase name="testRightComparisonJSON()" classname="DiffTest" time="0.014"/>
  <testcase name="testRightComparisonYAML()" classname="DiffTest" time="0.019"/>
  <system-out><![CDATA[]]></system-out>
  <system-err><![CDATA[]]></system-err>
</testsuite>
