<?xml version="1.0" encoding="UTF-8"?>
<testsuite name="DiffTest" tests="2" skipped="0" failures="0" errors="0" timestamp="2023-03-11T06:16:33" hostname="DESKTOP-AE5MQUD" time="2.132">
  <properties/>
  <testcase name="emptyFile()" classname="DiffTest" time="2.126"/>
  <testcase name="testRightComparison()" classname="DiffTest" time="0.004"/>
  <system-out><![CDATA[]]></system-out>
  <system-err><![CDATA[]]></system-err>
</testsuite>
