<?xml version="1.0" encoding="UTF-8"?>
<testsuite name="DiffTest" tests="2" skipped="0" failures="0" errors="0" timestamp="2023-03-11T05:17:43" hostname="DESKTOP-AE5MQUD" time="1.672">
  <properties/>
  <testcase name="emptyFile()" classname="DiffTest" time="1.664"/>
  <testcase name="testRightComparison()" classname="DiffTest" time="0.005"/>
  <system-out><![CDATA[]]></system-out>
  <system-err><![CDATA[]]></system-err>
</testsuite>
